2026-07-23 15:15:52.445 +03:00 [INF] User profile is available. Using 'C:\Users\aalhasani\AppData\Local\ASP.NET\DataProtection-Keys' as key repository and Windows DPAPI to encrypt keys at rest.
2026-07-23 15:15:52.692 +03:00 [INF] Now listening on: http://localhost:5155
2026-07-23 15:15:52.744 +03:00 [INF] Application started. Press Ctrl+C to shut down.
2026-07-23 15:15:52.744 +03:00 [INF] Hosting environment: Development
2026-07-23 15:15:52.744 +03:00 [INF] Content root path: C:\Abdulmajeed_Project\ASP.NETCore\MovieManager\MovieManager
2026-07-23 15:15:53.820 +03:00 [INF] Request starting HTTP/1.1 GET http://localhost:5155/ - null null
2026-07-23 15:15:54.076 +03:00 [INF] Executing endpoint 'MovieManager.Controllers.HomeController.Index (MovieManager)'
2026-07-23 15:15:54.163 +03:00 [INF] Route matched with {action = "Index", controller = "Home"}. Executing controller action with signature Microsoft.AspNetCore.Mvc.IActionResult Index() on controller MovieManager.Controllers.HomeController (MovieManager).
2026-07-23 15:15:54.202 +03:00 [INF] Executing ViewResult, running view Index.
2026-07-23 15:15:54.524 +03:00 [INF] Executed ViewResult - view Index executed in 332.5487ms.
2026-07-23 15:15:54.526 +03:00 [INF] Executed action MovieManager.Controllers.HomeController.Index (MovieManager) in 361.3434ms
2026-07-23 15:15:54.527 +03:00 [INF] Executed endpoint 'MovieManager.Controllers.HomeController.Index (MovieManager)'
2026-07-23 15:15:54.533 +03:00 [INF] HTTP GET / responded 200 in 568.7771 ms
2026-07-23 15:15:54.553 +03:00 [INF] Request finished HTTP/1.1 GET http://localhost:5155/ - 200 null text/html; charset=utf-8 743.6673ms
2026-07-23 15:15:54.656 +03:00 [INF] Request starting HTTP/1.1 GET http://localhost:5155/_vs/browserLink - null null
2026-07-23 15:15:54.656 +03:00 [INF] Request starting HTTP/1.1 GET http://localhost:5155/_framework/aspnetcore-browser-refresh.js - null null
2026-07-23 15:15:54.664 +03:00 [INF] Request finished HTTP/1.1 GET http://localhost:5155/_framework/aspnetcore-browser-refresh.js - 200 14929 application/javascript; charset=utf-8 10.0674ms
2026-07-23 15:15:54.767 +03:00 [INF] Request finished HTTP/1.1 GET http://localhost:5155/_vs/browserLink - 200 null text/javascript; charset=UTF-8 113.2182ms
2026-07-23 15:16:00.578 +03:00 [INF] Request starting HTTP/1.1 GET http://localhost:5155/Movies - null null
2026-07-23 15:16:00.601 +03:00 [INF] Executing endpoint 'MovieManager.Controllers.MoviesController.Index (MovieManager)'
2026-07-23 15:16:00.629 +03:00 [INF] Route matched with {action = "Index", controller = "Movies"}. Executing controller action with signature System.Threading.Tasks.Task`1[Microsoft.AspNetCore.Mvc.IActionResult] Index() on controller MovieManager.Controllers.MoviesController (MovieManager).
2026-07-23 15:16:00.891 +03:00 [INF] Fetching all movies
2026-07-23 15:16:00.898 +03:00 [INF] Start processing HTTP request GET https://api.themoviedb.org/3/movie/popular?*
2026-07-23 15:16:00.899 +03:00 [INF] Sending HTTP request GET https://api.themoviedb.org/3/movie/popular?*
2026-07-23 15:16:01.391 +03:00 [INF] Received HTTP response headers after 483.2889ms - 200
2026-07-23 15:16:01.394 +03:00 [INF] End processing HTTP request after 497.9077ms - 200
2026-07-23 15:16:01.432 +03:00 [INF] Executing ViewResult, running view Index.
2026-07-23 15:16:01.442 +03:00 [INF] Executed ViewResult - view Index executed in 12.6347ms.
2026-07-23 15:16:01.444 +03:00 [INF] Executed action MovieManager.Controllers.MoviesController.Index (MovieManager) in 814.8502ms
2026-07-23 15:16:01.444 +03:00 [INF] Executed endpoint 'MovieManager.Controllers.MoviesController.Index (MovieManager)'
2026-07-23 15:16:01.446 +03:00 [INF] HTTP GET /Movies responded 200 in 855.0896 ms
2026-07-23 15:16:01.449 +03:00 [INF] Request finished HTTP/1.1 GET http://localhost:5155/Movies - 200 null text/html; charset=utf-8 871.7818ms
2026-07-23 15:16:01.469 +03:00 [INF] Request starting HTTP/1.1 GET http://localhost:5155/_vs/browserLink - null null
2026-07-23 15:16:01.469 +03:00 [INF] Request starting HTTP/1.1 GET http://localhost:5155/_framework/aspnetcore-browser-refresh.js - null null
2026-07-23 15:16:01.470 +03:00 [INF] Request finished HTTP/1.1 GET http://localhost:5155/_framework/aspnetcore-browser-refresh.js - 200 14929 application/javascript; charset=utf-8 0.5924ms
2026-07-23 15:16:01.490 +03:00 [INF] Request finished HTTP/1.1 GET http://localhost:5155/_vs/browserLink - 200 null text/javascript; charset=UTF-8 21.3279ms
